# JRE version: OpenJDK Runtime Environment Microsoft-11926163 (17.0.16+8) (build 17.0.16+8-LTS)
# Java VM: OpenJDK 64-Bit Server VM Microsoft-11926163 (17.0.16+8-LTS, mixed mode, sharing, tiered, compressed oops, compressed class ptrs, g1 gc, windows-amd64)
GC Precious Log:
 CPUs: 8 total, 8 available
 Memory: 6091M
 Large Page Support: Disabled
 NUMA Support: Disabled
 Compressed Oops: Enabled (32-bit)
 Heap Region Size: 1M
 Heap Min Capacity: 8M
 Heap Initial Capacity: 96M
 Heap Max Capacity: 2G
 Pre-touch: Disabled
 Parallel Workers: 8
 Concurrent Workers: 2
 Concurrent Refinement Workers: 8
 Periodic GC: Disabled
Heap:
 garbage-first heap   total 300032K, used 225863K [0x0000000080000000, 0x0000000100000000)
  region size 1024K, 67 young (68608K), 10 survivors (10240K)
 Metaspace       used 123640K, committed 124736K, reserved 1179648K
  class space    used 16605K, committed 17152K, reserved 1048576K
GC Heap History (20 events):
Event: 110.305 GC heap before
{Heap before GC invocations=55 (full 0):
 garbage-first heap   total 158720K, used 136047K [0x0000000080000000, 0x0000000100000000)
  region size 1024K, 16 young (16384K), 2 survivors (2048K)
 Metaspace       used 111025K, committed 112000K, reserved 1179648K
  class space    used 15277K, committed 15744K, reserved 1048576K
}
Event: 110.311 GC heap after
{Heap after GC invocations=56 (full 0):
 garbage-first heap   total 190464K, used 122912K [0x0000000080000000, 0x0000000100000000)
  region size 1024K, 1 young (1024K), 1 survivors (1024K)
 Metaspace       used 111025K, committed 112000K, reserved 1179648K
  class space    used 15277K, committed 15744K, reserved 1048576K
}
Event: 113.797 GC heap before
{Heap before GC invocations=56 (full 0):
 garbage-first heap   total 190464K, used 160800K [0x0000000080000000, 0x0000000100000000)
  region size 1024K, 39 young (39936K), 1 survivors (1024K)
 Metaspace       used 112118K, committed 113024K, reserved 1179648K
  class space    used 15419K, committed 15872K, reserved 1048576K
}
Event: 113.810 GC heap after
{Heap after GC invocations=57 (full 0):
 garbage-first heap   total 190464K, used 123503K [0x0000000080000000, 0x0000000100000000)
  region size 1024K, 2 young (2048K), 2 survivors (2048K)
 Metaspace       used 112118K, committed 113024K, reserved 1179648K
  class space    used 15419K, committed 15872K, reserved 1048576K
}
Event: 116.017 GC heap before
{Heap before GC invocations=57 (full 0):
 garbage-first heap   total 190464K, used 152175K [0x0000000080000000, 0x0000000100000000)
  region size 1024K, 32 young (32768K), 2 survivors (2048K)
 Metaspace       used 114714K, committed 115648K, reserved 1179648K
  class space    used 15720K, committed 16192K, reserved 1048576K
}
Event: 116.030 GC heap after
{Heap after GC invocations=58 (full 0):
 garbage-first heap   total 190464K, used 126474K [0x0000000080000000, 0x0000000100000000)
  region size 1024K, 5 young (5120K), 5 survivors (5120K)
 Metaspace       used 114714K, committed 115648K, reserved 1179648K
  class space    used 15720K, committed 16192K, reserved 1048576K
}
Event: 119.666 GC heap before
{Heap before GC invocations=59 (full 0):
 garbage-first heap   total 225280K, used 158218K [0x0000000080000000, 0x0000000100000000)
  region size 1024K, 37 young (37888K), 5 survivors (5120K)
 Metaspace       used 115709K, committed 116672K, reserved 1179648K
  class space    used 15866K, committed 16320K, reserved 1048576K
}
Event: 119.814 GC heap after
{Heap after GC invocations=60 (full 0):
 garbage-first heap   total 225280K, used 130457K [0x0000000080000000, 0x0000000100000000)
  region size 1024K, 5 young (5120K), 5 survivors (5120K)
 Metaspace       used 115709K, committed 116672K, reserved 1179648K
  class space    used 15866K, committed 16320K, reserved 1048576K
}
Event: 120.188 GC heap before
{Heap before GC invocations=60 (full 0):
 garbage-first heap   total 225280K, used 136601K [0x0000000080000000, 0x0000000100000000)
  region size 1024K, 11 young (11264K), 5 survivors (5120K)
 Metaspace       used 115712K, committed 116672K, reserved 1179648K
  class space    used 15866K, committed 16320K, reserved 1048576K
}
Event: 120.198 GC heap after
{Heap after GC invocations=61 (full 0):
 garbage-first heap   total 225280K, used 128284K [0x0000000080000000, 0x0000000100000000)
  region size 1024K, 2 young (2048K), 2 survivors (2048K)
 Metaspace       used 115712K, committed 116672K, reserved 1179648K
  class space    used 15866K, committed 16320K, reserved 1048576K
}
Event: 127.939 GC heap before
{Heap before GC invocations=61 (full 0):
 garbage-first heap   total 225280K, used 192796K [0x0000000080000000, 0x0000000100000000)
  region size 1024K, 61 young (62464K), 2 survivors (2048K)
 Metaspace       used 118964K, committed 120000K, reserved 1179648K
  class space    used 16192K, committed 16704K, reserved 1048576K
}
Event: 127.973 GC heap after
{Heap after GC invocations=62 (full 0):
 garbage-first heap   total 225280K, used 132969K [0x0000000080000000, 0x0000000100000000)
  region size 1024K, 7 young (7168K), 7 survivors (7168K)
 Metaspace       used 118964K, committed 120000K, reserved 1179648K
  class space    used 16192K, committed 16704K, reserved 1048576K
}
Event: 135.613 GC heap before
{Heap before GC invocations=63 (full 0):
 garbage-first heap   total 229376K, used 193385K [0x0000000080000000, 0x0000000100000000)
  region size 1024K, 58 young (59392K), 7 survivors (7168K)
 Metaspace       used 119245K, committed 120256K, reserved 1179648K
  class space    used 16205K, committed 16704K, reserved 1048576K
}
Event: 135.747 GC heap after
{Heap after GC invocations=64 (full 0):
 garbage-first heap   total 229376K, used 157077K [0x0000000080000000, 0x0000000100000000)
  region size 1024K, 8 young (8192K), 8 survivors (8192K)
 Metaspace       used 119245K, committed 120256K, reserved 1179648K
  class space    used 16205K, committed 16704K, reserved 1048576K
}
Event: 136.385 GC heap before
{Heap before GC invocations=64 (full 0):
 garbage-first heap   total 229376K, used 159125K [0x0000000080000000, 0x0000000100000000)
  region size 1024K, 11 young (11264K), 8 survivors (8192K)
 Metaspace       used 119362K, committed 120384K, reserved 1179648K
  class space    used 16217K, committed 16704K, reserved 1048576K
}
Event: 136.432 GC heap after
{Heap after GC invocations=65 (full 0):
 garbage-first heap   total 229376K, used 156540K [0x0000000080000000, 0x0000000100000000)
  region size 1024K, 2 young (2048K), 2 survivors (2048K)
 Metaspace       used 119362K, committed 120384K, reserved 1179648K
  class space    used 16217K, committed 16704K, reserved 1048576K
}
Event: 140.067 GC heap before
{Heap before GC invocations=65 (full 0):
 garbage-first heap   total 229376K, used 193404K [0x0000000080000000, 0x0000000100000000)
  region size 1024K, 30 young (30720K), 2 survivors (2048K)
 Metaspace       used 119792K, committed 120832K, reserved 1179648K
  class space    used 16251K, committed 16768K, reserved 1048576K
}
Event: 140.083 GC heap after
{Heap after GC invocations=66 (full 0):
 garbage-first heap   total 300032K, used 160768K [0x0000000080000000, 0x0000000100000000)
  region size 1024K, 4 young (4096K), 4 survivors (4096K)
 Metaspace       used 119792K, committed 120832K, reserved 1179648K
  class space    used 16251K, committed 16768K, reserved 1048576K
}
Event: 144.394 GC heap before
{Heap before GC invocations=66 (full 0):
 garbage-first heap   total 300032K, used 250880K [0x0000000080000000, 0x0000000100000000)
  region size 1024K, 76 young (77824K), 4 survivors (4096K)
 Metaspace       used 122109K, committed 123200K, reserved 1179648K
  class space    used 16457K, committed 17024K, reserved 1048576K
}
Event: 144.558 GC heap after
{Heap after GC invocations=67 (full 0):
 garbage-first heap   total 300032K, used 168519K [0x0000000080000000, 0x0000000100000000)
  region size 1024K, 10 young (10240K), 10 survivors (10240K)
 Metaspace       used 122109K, committed 123200K, reserved 1179648K
  class space    used 16457K, committed 17024K, reserved 1048576K
}

