<?xml version="1.0" encoding="UTF-8"?>
<testsuite name="manager.AddictionManagerTest" tests="6" skipped="0" failures="0" errors="0" timestamp="2025-09-17T23:49:35.414Z" hostname="DESKTOP-LH13CTI" time="0.004">
  <properties/>
  <testcase name="testAddAndGetAbstinenceGoal" classname="manager.AddictionManagerTest" time="0.002"/>
  <testcase name="testDeleteAllAddictionNotes" classname="manager.AddictionManagerTest" time="0.001"/>
  <testcase name="testAddAndGetAddictionNote" classname="manager.AddictionManagerTest" time="0.0"/>
  <testcase name="testDeleteAllAbstinenceGoals" classname="manager.AddictionManagerTest" time="0.0"/>
  <testcase name="testAddAndGetAddictionHabit" classname="manager.AddictionManagerTest" time="0.0"/>
  <testcase name="testDeleteAllAddictionHabits" classname="manager.AddictionManagerTest" time="0.0"/>
  <system-out><![CDATA[]]></system-out>
  <system-err><![CDATA[]]></system-err>
</testsuite>
