<?xml version="1.0" encoding="UTF-8"?>
<testsuite name="AbstinenceGoalDaoTest" tests="5" skipped="0" failures="0" errors="0" timestamp="2025-08-21T16:01:13.606Z" hostname="LAPTOP-RUSMEGN4" time="0.171">
  <properties/>
  <testcase name="testGetById" classname="AbstinenceGoalDaoTest" time="0.157"/>
  <testcase name="testDeleteAll" classname="AbstinenceGoalDaoTest" time="0.003"/>
  <testcase name="testDelete" classname="AbstinenceGoalDaoTest" time="0.004"/>
  <testcase name="testUpdate" classname="AbstinenceGoalDaoTest" time="0.004"/>
  <testcase name="testInsertAndGetAll" classname="AbstinenceGoalDaoTest" time="0.003"/>
  <system-out><![CDATA[]]></system-out>
  <system-err><![CDATA[]]></system-err>
</testsuite>
