<?xml version="1.0" encoding="UTF-8"?>
<testsuite name="HabitDaoTest" tests="5" skipped="0" failures="0" errors="0" timestamp="2025-08-21T16:01:13.869Z" hostname="LAPTOP-RUSMEGN4" time="0.015">
  <properties/>
  <testcase name="testGetById" classname="HabitDaoTest" time="0.003"/>
  <testcase name="testDeleteAll" classname="HabitDaoTest" time="0.002"/>
  <testcase name="testDelete" classname="HabitDaoTest" time="0.005"/>
  <testcase name="testUpdate" classname="HabitDaoTest" time="0.003"/>
  <testcase name="testInsertAndGetAll" classname="HabitDaoTest" time="0.002"/>
  <system-out><![CDATA[]]></system-out>
  <system-err><![CDATA[]]></system-err>
</testsuite>
