<?xml version="1.0" encoding="UTF-8"?>
<testsuite name="AddictionHabitDaoTest" tests="5" skipped="0" failures="0" errors="0" timestamp="2025-09-18T00:40:59.290Z" hostname="DESKTOP-LH13CTI" time="0.005">
  <properties/>
  <testcase name="testGetById" classname="AddictionHabitDaoTest" time="0.001"/>
  <testcase name="testDeleteAll" classname="AddictionHabitDaoTest" time="0.001"/>
  <testcase name="testDelete" classname="AddictionHabitDaoTest" time="0.001"/>
  <testcase name="testUpdate" classname="AddictionHabitDaoTest" time="0.001"/>
  <testcase name="testInsertAndGetAll" classname="AddictionHabitDaoTest" time="0.001"/>
  <system-out><![CDATA[]]></system-out>
  <system-err><![CDATA[]]></system-err>
</testsuite>
