<?xml version="1.0" encoding="UTF-8"?>
<testsuite name="repository.AddictionHabitRepositoryTest" tests="5" skipped="0" failures="0" errors="0" timestamp="2025-08-21T16:01:14.430Z" hostname="LAPTOP-RUSMEGN4" time="0.022">
  <properties/>
  <testcase name="testInsertAndGetById" classname="repository.AddictionHabitRepositoryTest" time="0.004"/>
  <testcase name="testDeleteAll" classname="repository.AddictionHabitRepositoryTest" time="0.003"/>
  <testcase name="testDelete" classname="repository.AddictionHabitRepositoryTest" time="0.007"/>
  <testcase name="testGetAll" classname="repository.AddictionHabitRepositoryTest" time="0.003"/>
  <testcase name="testUpdate" classname="repository.AddictionHabitRepositoryTest" time="0.005"/>
  <system-out><![CDATA[]]></system-out>
  <system-err><![CDATA[]]></system-err>
</testsuite>
