<?xml version="1.0" encoding="UTF-8"?>
<testsuite name="repository.AbstinenceGoalRepositoryTest" tests="5" skipped="0" failures="0" errors="0" timestamp="2025-08-21T16:01:14.403Z" hostname="LAPTOP-RUSMEGN4" time="0.018">
  <properties/>
  <testcase name="testInsertAndGetById" classname="repository.AbstinenceGoalRepositoryTest" time="0.002"/>
  <testcase name="testDeleteAll" classname="repository.AbstinenceGoalRepositoryTest" time="0.002"/>
  <testcase name="testDelete" classname="repository.AbstinenceGoalRepositoryTest" time="0.006"/>
  <testcase name="testGetAll" classname="repository.AbstinenceGoalRepositoryTest" time="0.003"/>
  <testcase name="testUpdate" classname="repository.AbstinenceGoalRepositoryTest" time="0.003"/>
  <system-out><![CDATA[]]></system-out>
  <system-err><![CDATA[]]></system-err>
</testsuite>
