<?xml version="1.0" encoding="UTF-8"?>
<testsuite name="AbstinenceGoalDaoTest" tests="5" skipped="0" failures="0" errors="0" timestamp="2025-08-26T10:48:58.682Z" hostname="DESKTOP-LH13CTI" time="0.128">
  <properties/>
  <testcase name="testGetById" classname="AbstinenceGoalDaoTest" time="0.101"/>
  <testcase name="testDeleteAll" classname="AbstinenceGoalDaoTest" time="0.001"/>
  <testcase name="testDelete" classname="AbstinenceGoalDaoTest" time="0.003"/>
  <testcase name="testUpdate" classname="AbstinenceGoalDaoTest" time="0.019"/>
  <testcase name="testInsertAndGetAll" classname="AbstinenceGoalDaoTest" time="0.002"/>
  <system-out><![CDATA[]]></system-out>
  <system-err><![CDATA[]]></system-err>
</testsuite>
