<?xml version="1.0" encoding="UTF-8"?>
<testsuite name="repository.AbstinenceGoalRepositoryTest" tests="5" skipped="0" failures="0" errors="0" timestamp="2025-08-21T16:01:20.204Z" hostname="LAPTOP-RUSMEGN4" time="0.021">
  <properties/>
  <testcase name="testInsertAndGetById" classname="repository.AbstinenceGoalRepositoryTest" time="0.003"/>
  <testcase name="testDeleteAll" classname="repository.AbstinenceGoalRepositoryTest" time="0.003"/>
  <testcase name="testDelete" classname="repository.AbstinenceGoalRepositoryTest" time="0.008"/>
  <testcase name="testGetAll" classname="repository.AbstinenceGoalRepositoryTest" time="0.004"/>
  <testcase name="testUpdate" classname="repository.AbstinenceGoalRepositoryTest" time="0.003"/>
  <system-out><![CDATA[]]></system-out>
  <system-err><![CDATA[]]></system-err>
</testsuite>
