<?xml version="1.0" encoding="UTF-8"?>
<testsuite name="repository.AddictionNoteRepositoryTest" tests="5" skipped="0" failures="0" errors="0" timestamp="2025-09-18T00:40:55.912Z" hostname="DESKTOP-LH13CTI" time="0.004">
  <properties/>
  <testcase name="testInsertAndGetById" classname="repository.AddictionNoteRepositoryTest" time="0.001"/>
  <testcase name="testDeleteAll" classname="repository.AddictionNoteRepositoryTest" time="0.001"/>
  <testcase name="testDelete" classname="repository.AddictionNoteRepositoryTest" time="0.001"/>
  <testcase name="testGetAll" classname="repository.AddictionNoteRepositoryTest" time="0.0"/>
  <testcase name="testUpdate" classname="repository.AddictionNoteRepositoryTest" time="0.001"/>
  <system-out><![CDATA[]]></system-out>
  <system-err><![CDATA[]]></system-err>
</testsuite>
