<?xml version="1.0" encoding="UTF-8"?>
<testsuite name="repository.AddictionHabitRepositoryTest" tests="5" skipped="0" failures="0" errors="0" timestamp="2025-08-26T12:55:29.912Z" hostname="DESKTOP-LH13CTI" time="0.002">
  <properties/>
  <testcase name="testInsertAndGetById" classname="repository.AddictionHabitRepositoryTest" time="0.0"/>
  <testcase name="testDeleteAll" classname="repository.AddictionHabitRepositoryTest" time="0.001"/>
  <testcase name="testDelete" classname="repository.AddictionHabitRepositoryTest" time="0.0"/>
  <testcase name="testGetAll" classname="repository.AddictionHabitRepositoryTest" time="0.001"/>
  <testcase name="testUpdate" classname="repository.AddictionHabitRepositoryTest" time="0.0"/>
  <system-out><![CDATA[]]></system-out>
  <system-err><![CDATA[]]></system-err>
</testsuite>
