<?xml version="1.0" encoding="UTF-8"?>
<testsuite name="HabitDaoTest" tests="5" skipped="0" failures="0" errors="0" timestamp="2025-09-20T03:13:24.051Z" hostname="DESKTOP-LH13CTI" time="0.004">
  <properties/>
  <testcase name="testGetById" classname="HabitDaoTest" time="0.001"/>
  <testcase name="testDeleteAll" classname="HabitDaoTest" time="0.001"/>
  <testcase name="testDelete" classname="HabitDaoTest" time="0.001"/>
  <testcase name="testUpdate" classname="HabitDaoTest" time="0.0"/>
  <testcase name="testInsertAndGetAll" classname="HabitDaoTest" time="0.001"/>
  <system-out><![CDATA[]]></system-out>
  <system-err><![CDATA[]]></system-err>
</testsuite>
