<?xml version="1.0" encoding="UTF-8"?>
<testsuite name="com.example.rewire.repository.HabitNoteRepositoryTest" tests="7" skipped="0" failures="0" errors="0" timestamp="2025-08-26T12:55:29.877Z" hostname="DESKTOP-LH13CTI" time="0.004">
  <properties/>
  <testcase name="testEditNote" classname="com.example.rewire.repository.HabitNoteRepositoryTest" time="0.0"/>
  <testcase name="testInsertNote_duplicate" classname="com.example.rewire.repository.HabitNoteRepositoryTest" time="0.001"/>
  <testcase name="testGetNotesForHabit" classname="com.example.rewire.repository.HabitNoteRepositoryTest" time="0.0"/>
  <testcase name="testGetNotesForHabit_empty" classname="com.example.rewire.repository.HabitNoteRepositoryTest" time="0.001"/>
  <testcase name="testInsertNote" classname="com.example.rewire.repository.HabitNoteRepositoryTest" time="0.0"/>
  <testcase name="testDeleteNote" classname="com.example.rewire.repository.HabitNoteRepositoryTest" time="0.001"/>
  <testcase name="testDeleteNote_invalid" classname="com.example.rewire.repository.HabitNoteRepositoryTest" time="0.001"/>
  <system-out><![CDATA[]]></system-out>
  <system-err><![CDATA[]]></system-err>
</testsuite>
